Loaded data for: ['DeepAtash' 'DeepHyperion']
	Features Combinations: ['Neg-Pos' 'Neg-Verb' 'Pos-Verb']
============================================================================
DATASET RQ2 Showing comparisons for MAP Neg-Pos : 
============================================================================
Log Statistics for: test input count
Comparing: DeepAtash,DeepHyperion.
 	 p-Value 90.0 - 0.00174519712887336 
 	 A12 0.900000 - large 
 	 power 0.9672794916448453 - runs 11.953300227172239
============================================================================
DATASET RQ2 Showing comparisons for MAP Neg-Verb : 
============================================================================
Log Statistics for: test input count
Comparing: DeepAtash,DeepHyperion.
 	 p-Value 90.0 - 0.0017375217387135729 
 	 A12 0.900000 - large 
 	 power 0.9672794916448453 - runs 11.953300227172239
============================================================================
DATASET RQ2 Showing comparisons for MAP Pos-Verb : 
============================================================================
Log Statistics for: test input count
Comparing: DeepAtash,DeepHyperion.
 	 p-Value 88.5 - 0.0029189255335651666 
 	 A12 0.885000 - large 
 	 power 0.9623885843819625 - runs 12.274568822094025
============================================================================
DATASET RQ2 Showing comparisons for MAP Neg-Pos : 
============================================================================
Log Statistics for: num tsne clusters
Comparing: DeepAtash,DeepHyperion.
 	 p-Value 99.0 - 6.760796829121524e-05 
 	 A12 0.990000 - large 
 	 power 0.986819329233643 - runs 10.332509881721847
============================================================================
DATASET RQ2 Showing comparisons for MAP Neg-Verb : 
============================================================================
Log Statistics for: num tsne clusters
Comparing: DeepAtash,DeepHyperion.
 	 p-Value 100.0 - 2.428174732475476e-05 
 	 A12 1.000000 - large 
 	 power 0.9881789885195853 - runs 10.17998858134246
============================================================================
DATASET RQ2 Showing comparisons for MAP Pos-Verb : 
============================================================================
Log Statistics for: num tsne clusters
Comparing: DeepAtash,DeepHyperion.
 	 p-Value 94.0 - 0.000263174337541453 
 	 A12 0.940000 - large 
 	 power 0.9778130394122837 - runs 11.173070260410084
============================================================================
DATASET RQ2 Showing comparisons for MAP Neg-Pos : 
============================================================================
Log Statistics for: test input count in target
Comparing: DeepAtash,DeepHyperion.
 	 p-Value 98.0 - 0.00013336551433692587 
 	 A12 0.980000 - large 
 	 power 0.9853264661581341 - runs 10.489943610715146
============================================================================
DATASET RQ2 Showing comparisons for MAP Neg-Verb : 
============================================================================
Log Statistics for: test input count in target
Comparing: DeepAtash,DeepHyperion.
 	 p-Value 67.5 - 0.11290768791785333 
 	 A12 0.675000 - medium 
 	 power 0.814456773853136 - runs 19.349446849915346
============================================================================
DATASET RQ2 Showing comparisons for MAP Pos-Verb : 
============================================================================
Log Statistics for: test input count in target
Comparing: DeepAtash,DeepHyperion.
 	 p-Value 99.0 - 0.00014647278974552766 
 	 A12 0.990000 - large 
 	 power 0.986819329233643 - runs 10.332509881721847
============================================================================
DATASET RQ2 Showing comparisons for MAP Neg-Pos : 
============================================================================
Log Statistics for: target num tsne clusters
Comparing: DeepAtash,DeepHyperion.
 	 p-Value 100.0 - 2.428174732475476e-05 
 	 A12 1.000000 - large 
 	 power 0.9881789885195853 - runs 10.17998858134246
============================================================================
DATASET RQ2 Showing comparisons for MAP Neg-Verb : 
============================================================================
Log Statistics for: target num tsne clusters
Comparing: DeepAtash,DeepHyperion.
 	 p-Value 71.5 - 0.0490195928464531 
 	 A12 0.715000 - medium 
 	 power 0.8561245602655734 - runs 17.499087029993287
============================================================================
DATASET RQ2 Showing comparisons for MAP Pos-Verb : 
============================================================================
Log Statistics for: target num tsne clusters
Comparing: DeepAtash,DeepHyperion.
 	 p-Value 99.0 - 6.760796829121524e-05 
 	 A12 0.990000 - large 
 	 power 0.986819329233643 - runs 10.332509881721847
Plot stored to  ./plots/RQ2-IMDB-dark.pdf
Loaded data for: ['DeepAtash' 'DeepHyperion']
	Features Combinations: ['Neg-Pos' 'Neg-Verb' 'Pos-Verb']
============================================================================
DATASET RQ2 Showing comparisons for MAP Neg-Pos : 
============================================================================
Log Statistics for: test input count
Comparing: DeepAtash,DeepHyperion.
 	 p-Value 71.0 - 0.10394435990383864 
 	 A12 0.710000 - medium 
 	 power 0.8512925551652968 - runs 17.71314074729689
============================================================================
DATASET RQ2 Showing comparisons for MAP Neg-Verb : 
============================================================================
Log Statistics for: test input count
Comparing: DeepAtash,DeepHyperion.
 	 p-Value 90.0 - 0.002019118227354952 
 	 A12 0.900000 - large 
 	 power 0.9672794916448453 - runs 11.953300227172239
============================================================================
DATASET RQ2 Showing comparisons for MAP Pos-Verb : 
============================================================================
Log Statistics for: test input count
Comparing: DeepAtash,DeepHyperion.
 	 p-Value 98.5 - 0.00013091465604670816 
 	 A12 0.985000 - large 
 	 power 0.9860901729509822 - runs 10.41060004650663
============================================================================
DATASET RQ2 Showing comparisons for MAP Neg-Pos : 
============================================================================
Log Statistics for: num tsne clusters
Comparing: DeepAtash,DeepHyperion.
 	 p-Value 81.0 - 0.012180836286212828 
 	 A12 0.810000 - large 
 	 power 0.9283118074317293 - runs 14.167405837794727
============================================================================
DATASET RQ2 Showing comparisons for MAP Neg-Verb : 
============================================================================
Log Statistics for: num tsne clusters
Comparing: DeepAtash,DeepHyperion.
 	 p-Value 94.5 - 0.00022485200298414778 
 	 A12 0.945000 - large 
 	 power 0.9789016954172169 - runs 11.082711183426104
============================================================================
DATASET RQ2 Showing comparisons for MAP Pos-Verb : 
============================================================================
Log Statistics for: num tsne clusters
Comparing: DeepAtash,DeepHyperion.
 	 p-Value 99.5 - 4.2501132727742044e-05 
 	 A12 0.995000 - large 
 	 power 0.9875151917476699 - runs 10.255650301723474
============================================================================
DATASET RQ2 Showing comparisons for MAP Neg-Pos : 
============================================================================
Log Statistics for: test input count in target
Comparing: DeepAtash,DeepHyperion.
 	 p-Value 64.0 - 0.20807314011189448 
 	 A12 0.640000 - small 
 	 power 0.7724211369410072 - runs 21.26564764388516
============================================================================
DATASET RQ2 Showing comparisons for MAP Neg-Verb : 
============================================================================
Log Statistics for: test input count in target
Comparing: DeepAtash,DeepHyperion.
 	 p-Value 92.5 - 0.0008599285159308849 
 	 A12 0.925000 - large 
 	 power 0.9742585494451881 - runs 11.453370065700375
============================================================================
DATASET RQ2 Showing comparisons for MAP Pos-Verb : 
============================================================================
Log Statistics for: test input count in target
Comparing: DeepAtash,DeepHyperion.
 	 p-Value 100.0 - 8.060037426351503e-05 
 	 A12 1.000000 - large 
 	 power 0.9881789885195853 - runs 10.17998858134246
============================================================================
DATASET RQ2 Showing comparisons for MAP Neg-Pos : 
============================================================================
Log Statistics for: target num tsne clusters
Comparing: DeepAtash,DeepHyperion.
 	 p-Value 60.0 - 0.3661914983681961 
 	 A12 0.600000 - small 
 	 power 0.7184053765416689 - runs 23.884514921444218
============================================================================
DATASET RQ2 Showing comparisons for MAP Neg-Verb : 
============================================================================
Log Statistics for: target num tsne clusters
Comparing: DeepAtash,DeepHyperion.
 	 p-Value 99.0 - 5.125793211186415e-05 
 	 A12 0.990000 - large 
 	 power 0.986819329233643 - runs 10.332509881721847
============================================================================
DATASET RQ2 Showing comparisons for MAP Pos-Verb : 
============================================================================
Log Statistics for: target num tsne clusters
Comparing: DeepAtash,DeepHyperion.
 	 p-Value 100.0 - 2.428174732475476e-05 
 	 A12 1.000000 - large 
 	 power 0.9881789885195853 - runs 10.17998858134246
Plot stored to  ./plots/RQ2-IMDB-grey.pdf
Loaded data for: ['DeepAtash' 'DeepHyperion']
	Features Combinations: ['Neg-Pos' 'Neg-Verb' 'Pos-Verb']
============================================================================
DATASET RQ2 Showing comparisons for MAP Neg-Pos : 
============================================================================
Log Statistics for: test input count
Comparing: DeepAtash,DeepHyperion.
 	 p-Value 100.0 - 8.283636535858306e-05 
 	 A12 1.000000 - large 
 	 power 0.9881789885195853 - runs 10.17998858134246
============================================================================
DATASET RQ2 Showing comparisons for MAP Neg-Verb : 
============================================================================
Log Statistics for: test input count
Comparing: DeepAtash,DeepHyperion.
 	 p-Value 72.5 - 0.04033146358706222 
 	 A12 0.725000 - medium 
 	 power 0.86546715739933 - runs 17.084413073338204
============================================================================
DATASET RQ2 Showing comparisons for MAP Pos-Verb : 
============================================================================
Log Statistics for: test input count
Comparing: DeepAtash,DeepHyperion.
 	 p-Value 83.5 - 0.004469667187839418 
 	 A12 0.835000 - large 
 	 power 0.9416307856002255 - runs 13.477848650825521
============================================================================
DATASET RQ2 Showing comparisons for MAP Neg-Pos : 
============================================================================
Log Statistics for: num tsne clusters
Comparing: DeepAtash,DeepHyperion.
 	 p-Value 100.0 - 2.428174732475476e-05 
 	 A12 1.000000 - large 
 	 power 0.9881789885195853 - runs 10.17998858134246
============================================================================
DATASET RQ2 Showing comparisons for MAP Neg-Verb : 
============================================================================
Log Statistics for: num tsne clusters
Comparing: DeepAtash,DeepHyperion.
 	 p-Value 70.0 - 0.06362193848082277 
 	 A12 0.700000 - medium 
 	 power 0.8413059115450211 - runs 18.155324015800826
============================================================================
DATASET RQ2 Showing comparisons for MAP Pos-Verb : 
============================================================================
Log Statistics for: num tsne clusters
Comparing: DeepAtash,DeepHyperion.
 	 p-Value 80.0 - 0.008670452754638167 
 	 A12 0.800000 - large 
 	 power 0.9223728273596525 - runs 14.46199369217486
============================================================================
DATASET RQ2 Showing comparisons for MAP Neg-Pos : 
============================================================================
Log Statistics for: test input count in target
Comparing: DeepAtash,DeepHyperion.
 	 p-Value 100.0 - 6.203353636013878e-05 
 	 A12 1.000000 - large 
 	 power 0.9881789885195853 - runs 10.17998858134246
============================================================================
DATASET RQ2 Showing comparisons for MAP Neg-Verb : 
============================================================================
Log Statistics for: test input count in target
Comparing: DeepAtash,DeepHyperion.
 	 p-Value 65.0 - 0.07787247147704081 
 	 A12 0.650000 - small 
 	 power 0.7849494609978275 - runs 20.68606106652256
============================================================================
DATASET RQ2 Showing comparisons for MAP Pos-Verb : 
============================================================================
Log Statistics for: test input count in target
Comparing: DeepAtash,DeepHyperion.
 	 p-Value 65.0 - 0.07787247147704081 
 	 A12 0.650000 - small 
 	 power 0.7849494609978275 - runs 20.68606106652256
============================================================================
DATASET RQ2 Showing comparisons for MAP Neg-Pos : 
============================================================================
Log Statistics for: target num tsne clusters
Comparing: DeepAtash,DeepHyperion.
 	 p-Value 100.0 - 1.5937911688066244e-05 
 	 A12 1.000000 - large 
 	 power 0.9881789885195853 - runs 10.17998858134246
============================================================================
DATASET RQ2 Showing comparisons for MAP Neg-Verb : 
============================================================================
Log Statistics for: target num tsne clusters
Comparing: DeepAtash,DeepHyperion.
 	 p-Value 65.0 - 0.07671597678760604 
 	 A12 0.650000 - small 
 	 power 0.7849494609978275 - runs 20.68606106652256
============================================================================
DATASET RQ2 Showing comparisons for MAP Pos-Verb : 
============================================================================
Log Statistics for: target num tsne clusters
Comparing: DeepAtash,DeepHyperion.
 	 p-Value 65.0 - 0.07671597678760604 
 	 A12 0.650000 - small 
 	 power 0.7849494609978275 - runs 20.68606106652256
Plot stored to  ./plots/RQ2-IMDB-white.pdf
